<?xml version="1.0" encoding="UTF-8"?>
<testsuite name="lab0.Variant6Test" tests="4" skipped="0" failures="0" errors="0" timestamp="2021-09-22T16:01:33" hostname="DESKTOP-SQ084ES" time="0.018">
  <properties/>
  <testcase name="minMaxTest[0]([I@5f472f3f, [I@6f55f6e6)" classname="lab0.Variant6Test" time="0.008"/>
  <testcase name="minMaxTest[1]([I@1e619b43, [I@34c7c1ec)" classname="lab0.Variant6Test" time="0.0"/>
  <testcase name="minMaxTest[2]([I@49a960b3, [I@5b004146)" classname="lab0.Variant6Test" time="0.0"/>
  <testcase name="minMaxTest[3]([I@457cc669, [I@47528a8d)" classname="lab0.Variant6Test" time="0.0"/>
  <system-out><![CDATA[]]></system-out>
  <system-err><![CDATA[]]></system-err>
</testsuite>
