<?xml version="1.0" encoding="UTF-8"?>
<testsuite name="lab0.Variant6Test" tests="4" skipped="0" failures="0" errors="0" timestamp="2021-09-22T10:03:53" hostname="DESKTOP-SQ084ES" time="0.008">
  <properties/>
  <testcase name="arrayTest[0](2, 3, 5, [I@5f472f3f)" classname="lab0.Variant6Test" time="0.006"/>
  <testcase name="arrayTest[1](3, 7, 7, [I@1788f602)" classname="lab0.Variant6Test" time="0.0"/>
  <testcase name="arrayTest[2](1, 3, 7, [I@34c7c1ec)" classname="lab0.Variant6Test" time="0.0"/>
  <testcase name="arrayTest[3](3, -9, 8, [I@49a960b3)" classname="lab0.Variant6Test" time="0.0"/>
  <system-out><![CDATA[]]></system-out>
  <system-err><![CDATA[]]></system-err>
</testsuite>
